<?xml version="1.0" encoding="UTF-8"?>
<!-- Generated by org.testng.reporters.JUnitReportReporter -->
<testsuite skipped="0" hostname="DESKTOP-4DM5H50" name="WebservicesTestcases.TC2_POST_Request" tests="1" failures="0" timestamp="2020-02-25T12:59:53 MSK" time="5.809" errors="0">
  <testcase name="registerCustomer" time="5.809" classname="WebservicesTestcases.TC2_POST_Request"/>
  <system-out/>
</testsuite> <!-- WebservicesTestcases.TC2_POST_Request -->
