<?xml version="1.0" encoding="UTF-8"?>
<!-- Generated by org.testng.reporters.JUnitReportReporter -->
<testsuite skipped="0" hostname="DESKTOP-4DM5H50" name="TC007_GET_Request_Autherization" tests="1" failures="0" timestamp="2020-02-25T13:22:56 MSK" time="2.221" errors="0">
  <testcase name="AutherizationTest" time="2.221" classname="TC007_GET_Request_Autherization"/>
  <system-out/>
</testsuite> <!-- TC007_GET_Request_Autherization -->
