<?xml version="1.0" encoding="UTF-8"?>
<!-- Generated by org.testng.reporters.JUnitReportReporter -->
<testsuite skipped="0" hostname="DESKTOP-4DM5H50" name="TC004GET_Request_PrintAllHeaders" tests="1" failures="0" timestamp="2020-02-25T13:04:07 MSK" time="2.772" errors="0">
  <testcase name="GetWeatherDetails" time="2.772" classname="TC004GET_Request_PrintAllHeaders"/>
  <system-out/>
</testsuite> <!-- TC004GET_Request_PrintAllHeaders -->
