<?xml version="1.0" encoding="UTF-8"?>
<!-- Generated by org.testng.reporters.JUnitReportReporter -->
<testsuite skipped="0" hostname="DESKTOP-4DM5H50" name="TC006_GET_ExtractValuesOfEachNodeInJSON" tests="1" failures="0" timestamp="2020-02-25T13:11:33 MSK" time="4.187" errors="0">
  <testcase name="GetWeatherDetails" time="4.187" classname="TC006_GET_ExtractValuesOfEachNodeInJSON"/>
  <system-out/>
</testsuite> <!-- TC006_GET_ExtractValuesOfEachNodeInJSON -->
