<?xml version="1.0" encoding="UTF-8"?>
<!-- Generated by org.testng.reporters.JUnitReportReporter -->
<testsuite skipped="0" hostname="DESKTOP-4DM5H50" name="TC007a_GET_Request_Auth" tests="1" failures="0" timestamp="2020-02-25T14:01:12 MSK" time="2.338" errors="0">
  <testcase name="AuthTest" time="2.338" classname="TC007a_GET_Request_Auth"/>
  <system-out/>
</testsuite> <!-- TC007a_GET_Request_Auth -->
