<?xml version="1.0" encoding="UTF-8"?>
<!-- Generated by org.testng.reporters.JUnitReportReporter -->
<testsuite skipped="0" hostname="DESKTOP-4DM5H50" name="WebservicesTestcases.TC1_GET_Request" tests="1" failures="0" timestamp="2020-03-03T11:11:02 MSK" time="2.356" errors="0">
  <testcase name="getWeatherDetials" time="2.356" classname="WebservicesTestcases.TC1_GET_Request"/>
  <system-out/>
</testsuite> <!-- WebservicesTestcases.TC1_GET_Request -->
