<?xml version="1.0" encoding="UTF-8"?>
<!-- Generated by org.testng.reporters.JUnitReportReporter -->
<testsuite skipped="0" hostname="DESKTOP-4DM5H50" name="TC005_GET_ValidatingJSONResponse" tests="1" failures="0" timestamp="2020-02-25T13:06:53 MSK" time="3.319" errors="0">
  <testcase name="GetWeatherDetails" time="3.319" classname="TC005_GET_ValidatingJSONResponse"/>
  <system-out/>
</testsuite> <!-- TC005_GET_ValidatingJSONResponse -->
