<?xml version="1.0" encoding="UTF-8"?>
<!-- Generated by org.testng.reporters.JUnitReportReporter -->
<testsuite skipped="0" hostname="DESKTOP-4DM5H50" name="datadriventesting.DataDrivenTest_AddNewEmployees" tests="5" failures="0" timestamp="2020-02-28T13:49:22 MSK" time="5.895" errors="0">
  <testcase name="postNewEmployees" time="0.704" classname="datadriventesting.DataDrivenTest_AddNewEmployees"/>
  <system-out/>
  <testcase name="postNewEmployees" time="0.708" classname="datadriventesting.DataDrivenTest_AddNewEmployees"/>
  <system-out/>
  <testcase name="postNewEmployees" time="3.007" classname="datadriventesting.DataDrivenTest_AddNewEmployees"/>
  <system-out/>
  <testcase name="postNewEmployees" time="0.726" classname="datadriventesting.DataDrivenTest_AddNewEmployees"/>
  <system-out/>
  <testcase name="postNewEmployees" time="0.750" classname="datadriventesting.DataDrivenTest_AddNewEmployees"/>
  <system-out/>
</testsuite> <!-- datadriventesting.DataDrivenTest_AddNewEmployees -->
